<?xml version="1.0" encoding="UTF-8"?>
<testsuite xmlns:xsi="http://www.w3.org/2001/XMLSchema-instance" xsi:noNamespaceSchemaLocation="https://maven.apache.org/surefire/maven-surefire-plugin/xsd/surefire-test-report-3.0.xsd" version="3.0" name="com.spark.collectibles.service.AuthServiceTest" time="1.246" tests="26" errors="0" skipped="0" failures="0">
  <properties>
[...]
</properties>
  <testcase name="testValidateToken_InvalidToken" classname="com.spark.collectibles.service.AuthServiceTest" time="0.045">
    <system-out><![CDATA[2025-11-15 05:29:43.124 [main] INFO  c.s.collectibles.service.AuthService - AuthService.validateToken() called
2025-11-15 05:29:43.124 [main] DEBUG c.s.collectibles.service.AuthService - AuthService.validateToken() - Token length: 13, starts with Bearer: false
2025-11-15 05:29:43.124 [main] DEBUG c.s.collectibles.service.AuthService - AuthService.validateToken() - Verifying JWT token signature
2025-11-15 05:29:43.124 [main] DEBUG c.s.collectibles.service.AuthService - AuthService.validateToken() - Using JWT secret length: 49
2025-11-15 05:29:43.124 [main] DEBUG c.s.collectibles.service.AuthService - AuthService.validateToken() - Token preview: invalid-token
2025-11-15 05:29:43.124 [main] WARN  c.s.collectibles.service.AuthService - AuthService.validateToken() - JWT verification failed: The token was expected to have 3 parts, but got 0.
2025-11-15 05:29:43.125 [main] DEBUG c.s.collectibles.service.AuthService - AuthService.validateToken() - JWT verification exception details
com.auth0.jwt.exceptions.JWTDecodeException: The token was expected to have 3 parts, but got 0.
	at com.auth0.jwt.TokenUtils.wrongNumberOfParts(TokenUtils.java:45)
	at com.auth0.jwt.TokenUtils.splitToken(TokenUtils.java:23)
	at com.auth0.jwt.JWTDecoder.<init>(JWTDecoder.java:37)
	at com.auth0.jwt.JWTVerifier.verify(JWTVerifier.java:444)
	at com.spark.collectibles.service.AuthService.validateToken(AuthService.java:238)
	at com.spark.collectibles.service.AuthServiceTest.testValidateToken_InvalidToken(AuthServiceTest.java:356)
	at java.base/jdk.internal.reflect.NativeMethodAccessorImpl.invoke0(Native Method)
	at java.base/jdk.internal.reflect.NativeMethodAccessorImpl.invoke(NativeMethodAccessorImpl.java:77)
	at java.base/jdk.internal.reflect.DelegatingMethodAccessorImpl.invoke(DelegatingMethodAccessorImpl.java:43)
	at java.base/java.lang.reflect.Method.invoke(Method.java:569)
	at org.junit.platform.commons.util.ReflectionUtils.invokeMethod(ReflectionUtils.java:727)
	at org.junit.jupiter.engine.execution.MethodInvocation.proceed(MethodInvocation.java:60)
	at org.junit.jupiter.engine.execution.InvocationInterceptorChain$ValidatingInvocation.proceed(InvocationInterceptorChain.java:131)
	at org.junit.jupiter.engine.extension.TimeoutExtension.intercept(TimeoutExtension.java:156)
	at org.junit.jupiter.engine.extension.TimeoutExtension.interceptTestableMethod(TimeoutExtension.java:147)
	at org.junit.jupiter.engine.extension.TimeoutExtension.interceptTestMethod(TimeoutExtension.java:86)
	at org.junit.jupiter.engine.execution.InterceptingExecutableInvoker$ReflectiveInterceptorCall.lambda$ofVoidMethod$0(InterceptingExecutableInvoker.java:103)
	at org.junit.jupiter.engine.execution.InterceptingExecutableInvoker.lambda$invoke$0(InterceptingExecutableInvoker.java:93)
	at org.junit.jupiter.engine.execution.InvocationInterceptorChain$InterceptedInvocation.proceed(InvocationInterceptorChain.java:106)
	at org.junit.jupiter.engine.execution.InvocationInterceptorChain.proceed(InvocationInterceptorChain.java:64)
	at org.junit.jupiter.engine.execution.InvocationInterceptorChain.chainAndInvoke(InvocationInterceptorChain.java:45)
	at org.junit.jupiter.engine.execution.InvocationInterceptorChain.invoke(InvocationInterceptorChain.java:37)
	at org.junit.jupiter.engine.execution.InterceptingExecutableInvoker.invoke(InterceptingExecutableInvoker.java:92)
	at org.junit.jupiter.engine.execution.InterceptingExecutableInvoker.invoke(InterceptingExecutableInvoker.java:86)
	at org.junit.jupiter.engine.descriptor.TestMethodTestDescriptor.lambda$invokeTestMethod$7(TestMethodTestDescriptor.java:217)
	at org.junit.platform.engine.support.hierarchical.ThrowableCollector.execute(ThrowableCollector.java:73)
	at org.junit.jupiter.engine.descriptor.TestMethodTestDescriptor.invokeTestMethod(TestMethodTestDescriptor.java:213)
	at org.junit.jupiter.engine.descriptor.TestMethodTestDescriptor.execute(TestMethodTestDescriptor.java:138)
	at org.junit.jupiter.engine.descriptor.TestMethodTestDescriptor.execute(TestMethodTestDescriptor.java:68)
	at org.junit.platform.engine.support.hierarchical.NodeTestTask.lambda$executeRecursively$6(NodeTestTask.java:151)
	at org.junit.platform.engine.support.hierarchical.ThrowableCollector.execute(ThrowableCollector.java:73)
	at org.junit.platform.engine.support.hierarchical.NodeTestTask.lambda$executeRecursively$8(NodeTestTask.java:141)
	at org.junit.platform.engine.support.hierarchical.Node.around(Node.java:137)
	at org.junit.platform.engine.support.hierarchical.NodeTestTask.lambda$executeRecursively$9(NodeTestTask.java:139)
	at org.junit.platform.engine.support.hierarchical.ThrowableCollector.execute(ThrowableCollector.java:73)
	at org.junit.platform.engine.support.hierarchical.NodeTestTask.executeRecursively(NodeTestTask.java:138)
	at org.junit.platform.engine.support.hierarchical.NodeTestTask.execute(NodeTestTask.java:95)
	at java.base/java.util.ArrayList.forEach(ArrayList.java:1511)
	at org.junit.platform.engine.support.hierarchical.SameThreadHierarchicalTestExecutorService.invokeAll(SameThreadHierarchicalTestExecutorService.java:41)
	at org.junit.platform.engine.support.hierarchical.NodeTestTask.lambda$executeRecursively$6(NodeTestTask.java:155)
	at org.junit.platform.engine.support.hierarchical.ThrowableCollector.execute(ThrowableCollector.java:73)
	at org.junit.platform.engine.support.hierarchical.NodeTestTask.lambda$executeRecursively$8(NodeTestTask.java:141)
	at org.junit.platform.engine.support.hierarchical.Node.around(Node.java:137)
	at org.junit.platform.engine.support.hierarchical.NodeTestTask.lambda$executeRecursively$9(NodeTestTask.java:139)
	at org.junit.platform.engine.support.hierarchical.ThrowableCollector.execute(ThrowableCollector.java:73)
	at org.junit.platform.engine.support.hierarchical.NodeTestTask.executeRecursively(NodeTestTask.java:138)
	at org.junit.platform.engine.support.hierarchical.NodeTestTask.execute(NodeTestTask.java:95)
	at java.base/java.util.ArrayList.forEach(ArrayList.java:1511)
	at org.junit.platform.engine.support.hierarchical.SameThreadHierarchicalTestExecutorService.invokeAll(SameThreadHierarchicalTestExecutorService.java:41)
	at org.junit.platform.engine.support.hierarchical.NodeTestTask.lambda$executeRecursively$6(NodeTestTask.java:155)
	at org.junit.platform.engine.support.hierarchical.ThrowableCollector.execute(ThrowableCollector.java:73)
	at org.junit.platform.engine.support.hierarchical.NodeTestTask.lambda$executeRecursively$8(NodeTestTask.java:141)
	at org.junit.platform.engine.support.hierarchical.Node.around(Node.java:137)
	at org.junit.platform.engine.support.hierarchical.NodeTestTask.lambda$executeRecursively$9(NodeTestTask.java:139)
	at org.junit.platform.engine.support.hierarchical.ThrowableCollector.execute(ThrowableCollector.java:73)
	at org.junit.platform.engine.support.hierarchical.NodeTestTask.executeRecursively(NodeTestTask.java:138)
	at org.junit.platform.engine.support.hierarchical.NodeTestTask.execute(NodeTestTask.java:95)
	at org.junit.platform.engine.support.hierarchical.SameThreadHierarchicalTestExecutorService.submit(SameThreadHierarchicalTestExecutorService.java:35)
	at org.junit.platform.engine.support.hierarchical.HierarchicalTestExecutor.execute(HierarchicalTestExecutor.java:57)
	at org.junit.platform.engine.support.hierarchical.HierarchicalTestEngine.execute(HierarchicalTestEngine.java:54)
	at org.junit.platform.launcher.core.EngineExecutionOrchestrator.execute(EngineExecutionOrchestrator.java:147)
	at org.junit.platform.launcher.core.EngineExecutionOrchestrator.execute(EngineExecutionOrchestrator.java:127)
	at org.junit.platform.launcher.core.EngineExecutionOrchestrator.execute(EngineExecutionOrchestrator.java:90)
	at org.junit.platform.launcher.core.EngineExecutionOrchestrator.lambda$execute$0(EngineExecutionOrchestrator.java:55)
	at org.junit.platform.launcher.core.EngineExecutionOrchestrator.withInterceptedStreams(EngineExecutionOrchestrator.java:102)
	at org.junit.platform.launcher.core.EngineExecutionOrchestrator.execute(EngineExecutionOrchestrator.java:54)
	at org.junit.platform.launcher.core.DefaultLauncher.execute(DefaultLauncher.java:114)
	at org.junit.platform.launcher.core.DefaultLauncher.execute(DefaultLauncher.java:86)
	at org.junit.platform.launcher.core.DefaultLauncherSession$DelegatingLauncher.execute(DefaultLauncherSession.java:86)
	at org.apache.maven.surefire.junitplatform.LazyLauncher.execute(LazyLauncher.java:56)
	at org.apache.maven.surefire.junitplatform.JUnitPlatformProvider.execute(JUnitPlatformProvider.java:184)
	at org.apache.maven.surefire.junitplatform.JUnitPlatformProvider.invokeAllTests(JUnitPlatformProvider.java:148)
	at org.apache.maven.surefire.junitplatform.JUnitPlatformProvider.invoke(JUnitPlatformProvider.java:122)
	at org.apache.maven.surefire.booter.ForkedBooter.runSuitesInProcess(ForkedBooter.java:385)
	at org.apache.maven.surefire.booter.ForkedBooter.execute(ForkedBooter.java:162)
	at org.apache.maven.surefire.booter.ForkedBooter.run(ForkedBooter.java:507)
	at org.apache.maven.surefire.booter.ForkedBooter.main(ForkedBooter.java:495)
2025-11-15 05:29:43.125 [main] DEBUG c.s.collectibles.service.AuthService - AuthService.validateToken() - Exception type: JWTDecodeException
]]></system-out>
  </testcase>
  <testcase name="testValidateToken_UserNotFound" classname="com.spark.collectibles.service.AuthServiceTest" time="0.004">
    <system-out><![CDATA[2025-11-15 05:29:43.128 [main] INFO  c.s.collectibles.service.AuthService - AuthService.validateToken() called
2025-11-15 05:29:43.128 [main] DEBUG c.s.collectibles.service.AuthService - AuthService.validateToken() - Token length: 208, starts with Bearer: false
2025-11-15 05:29:43.128 [main] DEBUG c.s.collectibles.service.AuthService - AuthService.validateToken() - Verifying JWT token signature
2025-11-15 05:29:43.128 [main] DEBUG c.s.collectibles.service.AuthService - AuthService.validateToken() - Using JWT secret length: 49
2025-11-15 05:29:43.128 [main] DEBUG c.s.collectibles.service.AuthService - AuthService.validateToken() - Token preview: eyJhbGciOiJIUzI1NiIs...
2025-11-15 05:29:43.129 [main] INFO  c.s.collectibles.service.AuthService - AuthService.validateToken() - Token signature verified successfully
2025-11-15 05:29:43.129 [main] INFO  c.s.collectibles.service.AuthService - AuthService.validateToken() - Token signature valid, user ID: nonexistent
2025-11-15 05:29:43.129 [main] DEBUG c.s.collectibles.service.AuthService - AuthService.validateToken() - Token expires at: Sun Nov 16 05:29:43 UTC 2025, time until expiry: 86399871 ms
2025-11-15 05:29:43.129 [main] DEBUG c.s.collectibles.service.AuthService - AuthService.validateToken() - Looking up user in database: nonexistent
2025-11-15 05:29:43.129 [main] WARN  c.s.collectibles.service.AuthService - AuthService.validateToken() - User not found in database: nonexistent
]]></system-out>
  </testcase>
  <testcase name="testLogin_WithEmail_Success" classname="com.spark.collectibles.service.AuthServiceTest" time="0.154">
    <system-out><![CDATA[2025-11-15 05:29:43.208 [main] DEBUG c.s.collectibles.service.AuthService - AuthService.login() called for: test@example.com
2025-11-15 05:29:43.208 [main] DEBUG c.s.collectibles.service.AuthService - AuthService.login() - Searching for user by username: test@example.com
2025-11-15 05:29:43.209 [main] DEBUG c.s.collectibles.service.AuthService - AuthService.login() - User not found by username, trying email: test@example.com
2025-11-15 05:29:43.209 [main] DEBUG c.s.collectibles.service.AuthService - AuthService.login() - User found: testuser (ID: user1), checking if active
2025-11-15 05:29:43.209 [main] DEBUG c.s.collectibles.service.AuthService - AuthService.login() - Verifying password for user: testuser
2025-11-15 05:29:43.283 [main] DEBUG c.s.collectibles.service.AuthService - AuthService.login() - Password verified, generating token for user: testuser
2025-11-15 05:29:43.284 [main] INFO  c.s.collectibles.service.AuthService - AuthService.login() - Login successful for user: test@example.com (ID: user1), token generated
]]></system-out>
  </testcase>
  <testcase name="testLogin_NonExistentUser" classname="com.spark.collectibles.service.AuthServiceTest" time="0.002">
    <system-out><![CDATA[2025-11-15 05:29:43.287 [main] DEBUG c.s.collectibles.service.AuthService - AuthService.login() called for: nonexistent
2025-11-15 05:29:43.287 [main] DEBUG c.s.collectibles.service.AuthService - AuthService.login() - Searching for user by username: nonexistent
2025-11-15 05:29:43.287 [main] DEBUG c.s.collectibles.service.AuthService - AuthService.login() - User not found by username, trying email: nonexistent
2025-11-15 05:29:43.287 [main] WARN  c.s.collectibles.service.AuthService - AuthService.login() - User not found: nonexistent
]]></system-out>
  </testcase>
  <testcase name="testHashPassword_NullPassword" classname="com.spark.collectibles.service.AuthServiceTest" time="0.002"/>
  <testcase name="testValidateToken_EmptyToken" classname="com.spark.collectibles.service.AuthServiceTest" time="0.002">
    <system-out><![CDATA[2025-11-15 05:29:43.291 [main] INFO  c.s.collectibles.service.AuthService - AuthService.validateToken() called
2025-11-15 05:29:43.291 [main] WARN  c.s.collectibles.service.AuthService - AuthService.validateToken() - Token is null or empty
]]></system-out>
  </testcase>
  <testcase name="testLogin_EmptyPassword" classname="com.spark.collectibles.service.AuthServiceTest" time="0.001">
    <system-out><![CDATA[2025-11-15 05:29:43.293 [main] DEBUG c.s.collectibles.service.AuthService - AuthService.login() called for: testuser
2025-11-15 05:29:43.293 [main] WARN  c.s.collectibles.service.AuthService - AuthService.login() - Empty password provided for user: testuser
]]></system-out>
  </testcase>
  <testcase name="testRegisterUser_Success" classname="com.spark.collectibles.service.AuthServiceTest" time="0.078">
    <system-out><![CDATA[2025-11-15 05:29:43.371 [main] INFO  c.s.collectibles.service.AuthService - User registered successfully: testuser
]]></system-out>
  </testcase>
  <testcase name="testRegisterUser_DuplicateUsername" classname="com.spark.collectibles.service.AuthServiceTest" time="0.001">
    <system-out><![CDATA[2025-11-15 05:29:43.374 [main] WARN  c.s.collectibles.service.AuthService - Registration attempted with existing username: existinguser
]]></system-out>
  </testcase>
  <testcase name="testValidateToken_ValidToken" classname="com.spark.collectibles.service.AuthServiceTest" time="0.003">
    <system-out><![CDATA[2025-11-15 05:29:43.377 [main] INFO  c.s.collectibles.service.AuthService - AuthService.validateToken() called
2025-11-15 05:29:43.377 [main] DEBUG c.s.collectibles.service.AuthService - AuthService.validateToken() - Token length: 200, starts with Bearer: false
2025-11-15 05:29:43.377 [main] DEBUG c.s.collectibles.service.AuthService - AuthService.validateToken() - Verifying JWT token signature
2025-11-15 05:29:43.377 [main] DEBUG c.s.collectibles.service.AuthService - AuthService.validateToken() - Using JWT secret length: 49
2025-11-15 05:29:43.377 [main] DEBUG c.s.collectibles.service.AuthService - AuthService.validateToken() - Token preview: eyJhbGciOiJIUzI1NiIs...
2025-11-15 05:29:43.378 [main] INFO  c.s.collectibles.service.AuthService - AuthService.validateToken() - Token signature verified successfully
2025-11-15 05:29:43.378 [main] INFO  c.s.collectibles.service.AuthService - AuthService.validateToken() - Token signature valid, user ID: user1
2025-11-15 05:29:43.378 [main] DEBUG c.s.collectibles.service.AuthService - AuthService.validateToken() - Token expires at: Sun Nov 16 05:29:43 UTC 2025, time until expiry: 86399622 ms
2025-11-15 05:29:43.378 [main] DEBUG c.s.collectibles.service.AuthService - AuthService.validateToken() - Looking up user in database: user1
2025-11-15 05:29:43.378 [main] DEBUG c.s.collectibles.service.AuthService - AuthService.validateToken() - User found: testuser (active: true)
2025-11-15 05:29:43.378 [main] INFO  c.s.collectibles.service.AuthService - AuthService.validateToken() - Token validation successful for user: testuser (ID: user1)
]]></system-out>
  </testcase>
  <testcase name="testLogin_WrongPassword" classname="com.spark.collectibles.service.AuthServiceTest" time="0.153">
    <system-out><![CDATA[2025-11-15 05:29:43.457 [main] DEBUG c.s.collectibles.service.AuthService - AuthService.login() called for: testuser
2025-11-15 05:29:43.457 [main] DEBUG c.s.collectibles.service.AuthService - AuthService.login() - Searching for user by username: testuser
2025-11-15 05:29:43.457 [main] DEBUG c.s.collectibles.service.AuthService - AuthService.login() - User found: testuser (ID: user1), checking if active
2025-11-15 05:29:43.457 [main] DEBUG c.s.collectibles.service.AuthService - AuthService.login() - Verifying password for user: testuser
2025-11-15 05:29:43.532 [main] WARN  c.s.collectibles.service.AuthService - AuthService.login() - Password verification failed for user: testuser (ID: user1)
]]></system-out>
  </testcase>
  <testcase name="testRegisterUser_NullUsername" classname="com.spark.collectibles.service.AuthServiceTest" time="0.001">
    <system-out><![CDATA[2025-11-15 05:29:43.534 [main] WARN  c.s.collectibles.service.AuthService - Registration attempted with empty username
]]></system-out>
  </testcase>
  <testcase name="testRegisterUser_ShortPassword" classname="com.spark.collectibles.service.AuthServiceTest" time="0.002">
    <system-out><![CDATA[2025-11-15 05:29:43.535 [main] WARN  c.s.collectibles.service.AuthService - Registration attempted with weak password
]]></system-out>
  </testcase>
  <testcase name="testValidateToken_InactiveUser" classname="com.spark.collectibles.service.AuthServiceTest" time="0.003">
    <system-out><![CDATA[2025-11-15 05:29:43.538 [main] INFO  c.s.collectibles.service.AuthService - AuthService.validateToken() called
2025-11-15 05:29:43.538 [main] DEBUG c.s.collectibles.service.AuthService - AuthService.validateToken() - Token length: 200, starts with Bearer: false
2025-11-15 05:29:43.538 [main] DEBUG c.s.collectibles.service.AuthService - AuthService.validateToken() - Verifying JWT token signature
2025-11-15 05:29:43.538 [main] DEBUG c.s.collectibles.service.AuthService - AuthService.validateToken() - Using JWT secret length: 49
2025-11-15 05:29:43.538 [main] DEBUG c.s.collectibles.service.AuthService - AuthService.validateToken() - Token preview: eyJhbGciOiJIUzI1NiIs...
2025-11-15 05:29:43.539 [main] INFO  c.s.collectibles.service.AuthService - AuthService.validateToken() - Token signature verified successfully
2025-11-15 05:29:43.539 [main] INFO  c.s.collectibles.service.AuthService - AuthService.validateToken() - Token signature valid, user ID: user1
2025-11-15 05:29:43.539 [main] DEBUG c.s.collectibles.service.AuthService - AuthService.validateToken() - Token expires at: Sun Nov 16 05:29:43 UTC 2025, time until expiry: 86399461 ms
2025-11-15 05:29:43.539 [main] DEBUG c.s.collectibles.service.AuthService - AuthService.validateToken() - Looking up user in database: user1
2025-11-15 05:29:43.539 [main] DEBUG c.s.collectibles.service.AuthService - AuthService.validateToken() - User found: null (active: false)
2025-11-15 05:29:43.539 [main] WARN  c.s.collectibles.service.AuthService - AuthService.validateToken() - User is inactive: null (ID: user1)
]]></system-out>
  </testcase>
  <testcase name="testHashPassword" classname="com.spark.collectibles.service.AuthServiceTest" time="0.15"/>
  <testcase name="testVerifyPassword" classname="com.spark.collectibles.service.AuthServiceTest" time="0.23"/>
  <testcase name="testLogin_WithUsername_Success" classname="com.spark.collectibles.service.AuthServiceTest" time="0.155">
    <system-out><![CDATA[2025-11-15 05:29:43.999 [main] DEBUG c.s.collectibles.service.AuthService - AuthService.login() called for: testuser
2025-11-15 05:29:43.999 [main] DEBUG c.s.collectibles.service.AuthService - AuthService.login() - Searching for user by username: testuser
2025-11-15 05:29:43.999 [main] DEBUG c.s.collectibles.service.AuthService - AuthService.login() - User found: testuser (ID: user1), checking if active
2025-11-15 05:29:43.999 [main] DEBUG c.s.collectibles.service.AuthService - AuthService.login() - Verifying password for user: testuser
2025-11-15 05:29:44.076 [main] DEBUG c.s.collectibles.service.AuthService - AuthService.login() - Password verified, generating token for user: testuser
2025-11-15 05:29:44.077 [main] INFO  c.s.collectibles.service.AuthService - AuthService.login() - Login successful for user: testuser (ID: user1), token generated
]]></system-out>
  </testcase>
  <testcase name="testRegisterUser_WithAdminRole" classname="com.spark.collectibles.service.AuthServiceTest" time="0.078">
    <system-out><![CDATA[2025-11-15 05:29:44.156 [main] INFO  c.s.collectibles.service.AuthService - User registered successfully: adminuser
]]></system-out>
  </testcase>
  <testcase name="testRegisterUser_DefaultRole" classname="com.spark.collectibles.service.AuthServiceTest" time="0.079">
    <system-out><![CDATA[2025-11-15 05:29:44.236 [main] INFO  c.s.collectibles.service.AuthService - User registered successfully: customeruser
]]></system-out>
  </testcase>
  <testcase name="testRegisterUser_EmptyUsername" classname="com.spark.collectibles.service.AuthServiceTest" time="0.001">
    <system-out><![CDATA[2025-11-15 05:29:44.237 [main] WARN  c.s.collectibles.service.AuthService - Registration attempted with empty username
]]></system-out>
  </testcase>
  <testcase name="testRegisterUser_InvalidEmail" classname="com.spark.collectibles.service.AuthServiceTest" time="0.001">
    <system-out><![CDATA[2025-11-15 05:29:44.239 [main] WARN  c.s.collectibles.service.AuthService - Registration attempted with invalid email: invalid-email
]]></system-out>
  </testcase>
  <testcase name="testLogin_InactiveUser" classname="com.spark.collectibles.service.AuthServiceTest" time="0.077">
    <system-out><![CDATA[2025-11-15 05:29:44.315 [main] DEBUG c.s.collectibles.service.AuthService - AuthService.login() called for: testuser
2025-11-15 05:29:44.315 [main] DEBUG c.s.collectibles.service.AuthService - AuthService.login() - Searching for user by username: testuser
2025-11-15 05:29:44.315 [main] DEBUG c.s.collectibles.service.AuthService - AuthService.login() - User found: testuser (ID: user1), checking if active
2025-11-15 05:29:44.315 [main] WARN  c.s.collectibles.service.AuthService - AuthService.login() - User is inactive: testuser (ID: user1)
]]></system-out>
  </testcase>
  <testcase name="testValidateToken_NullToken" classname="com.spark.collectibles.service.AuthServiceTest" time="0.001">
    <system-out><![CDATA[2025-11-15 05:29:44.317 [main] INFO  c.s.collectibles.service.AuthService - AuthService.validateToken() called
2025-11-15 05:29:44.317 [main] WARN  c.s.collectibles.service.AuthService - AuthService.validateToken() - Token is null or empty
]]></system-out>
  </testcase>
  <testcase name="testValidateToken_WithBearerPrefix" classname="com.spark.collectibles.service.AuthServiceTest" time="0.003">
    <system-out><![CDATA[2025-11-15 05:29:44.319 [main] INFO  c.s.collectibles.service.AuthService - AuthService.validateToken() called
2025-11-15 05:29:44.320 [main] DEBUG c.s.collectibles.service.AuthService - AuthService.validateToken() - Token length: 207, starts with Bearer: true
2025-11-15 05:29:44.320 [main] DEBUG c.s.collectibles.service.AuthService - AuthService.validateToken() - Removed 'Bearer ' prefix, token length now: 200
2025-11-15 05:29:44.320 [main] DEBUG c.s.collectibles.service.AuthService - AuthService.validateToken() - Verifying JWT token signature
2025-11-15 05:29:44.320 [main] DEBUG c.s.collectibles.service.AuthService - AuthService.validateToken() - Using JWT secret length: 49
2025-11-15 05:29:44.320 [main] DEBUG c.s.collectibles.service.AuthService - AuthService.validateToken() - Token preview: eyJhbGciOiJIUzI1NiIs...
2025-11-15 05:29:44.320 [main] INFO  c.s.collectibles.service.AuthService - AuthService.validateToken() - Token signature verified successfully
2025-11-15 05:29:44.320 [main] INFO  c.s.collectibles.service.AuthService - AuthService.validateToken() - Token signature valid, user ID: user1
2025-11-15 05:29:44.320 [main] DEBUG c.s.collectibles.service.AuthService - AuthService.validateToken() - Token expires at: Sun Nov 16 05:29:44 UTC 2025, time until expiry: 86399680 ms
2025-11-15 05:29:44.320 [main] DEBUG c.s.collectibles.service.AuthService - AuthService.validateToken() - Looking up user in database: user1
2025-11-15 05:29:44.321 [main] DEBUG c.s.collectibles.service.AuthService - AuthService.validateToken() - User found: testuser (active: true)
2025-11-15 05:29:44.321 [main] INFO  c.s.collectibles.service.AuthService - AuthService.validateToken() - Token validation successful for user: testuser (ID: user1)
]]></system-out>
  </testcase>
  <testcase name="testRegisterUser_DuplicateEmail" classname="com.spark.collectibles.service.AuthServiceTest" time="0.002">
    <system-out><![CDATA[2025-11-15 05:29:44.323 [main] WARN  c.s.collectibles.service.AuthService - Registration attempted with existing email: existing@example.com
]]></system-out>
  </testcase>
  <testcase name="testLogin_EmptyUsername" classname="com.spark.collectibles.service.AuthServiceTest" time="0.001">
    <system-out><![CDATA[2025-11-15 05:29:44.324 [main] DEBUG c.s.collectibles.service.AuthService - AuthService.login() called for: 
2025-11-15 05:29:44.324 [main] WARN  c.s.collectibles.service.AuthService - AuthService.login() - Empty username/email provided
]]></system-out>
  </testcase>
</testsuite>