<?xml version="1.0" encoding="UTF-8"?>
<testsuite xmlns:xsi="http://www.w3.org/2001/XMLSchema-instance" xsi:noNamespaceSchemaLocation="https://maven.apache.org/surefire/maven-surefire-plugin/xsd/surefire-test-report-3.0.xsd" version="3.0" name="com.spark.collectibles.integration.ProductRoutesIntegrationTest" time="2.142" tests="16" errors="0" skipped="0" failures="0">
  <properties>
[...]
</properties>
  <testcase name="testJsonSerialization" classname="com.spark.collectibles.integration.ProductRoutesIntegrationTest" time="1.94"/>
  <testcase name="testInvalidProductCreation" classname="com.spark.collectibles.integration.ProductRoutesIntegrationTest" time="0.081"/>
  <testcase name="testValidProductCreation" classname="com.spark.collectibles.integration.ProductRoutesIntegrationTest" time="0.006"/>
  <testcase name="testProductExistenceCheckWithNonExistentId" classname="com.spark.collectibles.integration.ProductRoutesIntegrationTest" time="0.005"/>
  <testcase name="testProductRestoration" classname="com.spark.collectibles.integration.ProductRoutesIntegrationTest" time="0.005"/>
  <testcase name="testInvalidProductSearch" classname="com.spark.collectibles.integration.ProductRoutesIntegrationTest" time="0.004"/>
  <testcase name="testProductRetrievalByCategory" classname="com.spark.collectibles.integration.ProductRoutesIntegrationTest" time="0.006"/>
  <testcase name="testProductExistenceCheck" classname="com.spark.collectibles.integration.ProductRoutesIntegrationTest" time="0.003"/>
  <testcase name="testProductHardDeletion" classname="com.spark.collectibles.integration.ProductRoutesIntegrationTest" time="0.003"/>
  <testcase name="testProductDeletion" classname="com.spark.collectibles.integration.ProductRoutesIntegrationTest" time="0.002"/>
  <testcase name="testProductDeletionWithNonExistentId" classname="com.spark.collectibles.integration.ProductRoutesIntegrationTest" time="0.003"/>
  <testcase name="testProductRetrievalByPriceRange" classname="com.spark.collectibles.integration.ProductRoutesIntegrationTest" time="0.003"/>
  <testcase name="testProductStatisticsRetrieval" classname="com.spark.collectibles.integration.ProductRoutesIntegrationTest" time="0.003"/>
  <testcase name="testProductUpdateWithNonExistentId" classname="com.spark.collectibles.integration.ProductRoutesIntegrationTest" time="0.003"/>
  <testcase name="testValidProductSearch" classname="com.spark.collectibles.integration.ProductRoutesIntegrationTest" time="0.002"/>
  <testcase name="testValidProductUpdate" classname="com.spark.collectibles.integration.ProductRoutesIntegrationTest" time="0.01"/>
</testsuite>