<?xml version="1.0" encoding="UTF-8"?>
<testsuite xmlns:xsi="http://www.w3.org/2001/XMLSchema-instance" xsi:noNamespaceSchemaLocation="https://maven.apache.org/surefire/maven-surefire-plugin/xsd/surefire-test-report-3.0.xsd" version="3.0" name="com.spark.collectibles.service.ProductServiceTest" time="0.191" tests="19" errors="0" skipped="0" failures="0">
  <properties>
[...]
</properties>
  <testcase name="testRestoreProduct" classname="com.spark.collectibles.service.ProductServiceTest" time="0.137">
    <system-out><![CDATA[2025-11-15 05:29:41.293 [Thread-12] INFO  o.e.jetty.server.AbstractConnector - Stopped ServerConnector@3c1bf711{HTTP/1.1, (http/1.1)}{0.0.0.0:4567}
2025-11-15 05:29:41.293 [Thread-12] INFO  org.eclipse.jetty.server.session - node0 Stopped scavenging
2025-11-15 05:29:41.300 [Thread-12] INFO  o.e.j.server.handler.ContextHandler - Stopped o.e.j.s.ServletContextHandler@6701fca5{/,null,STOPPED}
2025-11-15 05:29:41.310 [Thread-12] INFO  s.e.jetty.EmbeddedJettyServer - done
2025-11-15 05:29:41.429 [main] INFO  c.s.c.service.ProductService - Product restored successfully with ID: item1
]]></system-out>
  </testcase>
  <testcase name="testGetProductStats" classname="com.spark.collectibles.service.ProductServiceTest" time="0.002"/>
  <testcase name="testProductExists" classname="com.spark.collectibles.service.ProductServiceTest" time="0.002">
    <system-out><![CDATA[2025-11-15 05:29:41.435 [main] INFO  c.s.c.service.ProductService - Checking if product exists with ID: item1
]]></system-out>
  </testcase>
  <testcase name="testGetActiveProducts" classname="com.spark.collectibles.service.ProductServiceTest" time="0.002">
    <system-out><![CDATA[2025-11-15 05:29:41.437 [main] INFO  c.s.c.service.ProductService - Retrieving active products
]]></system-out>
  </testcase>
  <testcase name="testUpdateProductNotFound" classname="com.spark.collectibles.service.ProductServiceTest" time="0.002">
    <system-out><![CDATA[2025-11-15 05:29:41.440 [main] WARN  c.s.c.service.ProductService - Product with ID nonexistent not found for update
]]></system-out>
  </testcase>
  <testcase name="testGetProductByIdNotFound" classname="com.spark.collectibles.service.ProductServiceTest" time="0.002">
    <system-out><![CDATA[2025-11-15 05:29:41.442 [main] INFO  c.s.c.service.ProductService - Retrieving product with ID: nonexistent
]]></system-out>
  </testcase>
  <testcase name="testGetProductsByCategory" classname="com.spark.collectibles.service.ProductServiceTest" time="0.002">
    <system-out><![CDATA[2025-11-15 05:29:41.445 [main] INFO  c.s.c.service.ProductService - Getting products by category: Musical Instruments
]]></system-out>
  </testcase>
  <testcase name="testCreateProduct" classname="com.spark.collectibles.service.ProductServiceTest" time="0.003">
    <system-out><![CDATA[2025-11-15 05:29:41.448 [main] INFO  c.s.c.service.ProductService - Product created successfully with ID: item1
]]></system-out>
  </testcase>
  <testcase name="testSearchProducts" classname="com.spark.collectibles.service.ProductServiceTest" time="0.001">
    <system-out><![CDATA[2025-11-15 05:29:41.451 [main] INFO  c.s.c.service.ProductService - Searching products with query: guitar
]]></system-out>
  </testcase>
  <testcase name="testHardDeleteProduct" classname="com.spark.collectibles.service.ProductServiceTest" time="0.002">
    <system-out><![CDATA[2025-11-15 05:29:41.453 [main] INFO  c.s.c.service.ProductService - Product hard deleted successfully with ID: item1
]]></system-out>
  </testcase>
  <testcase name="testUpdateProduct" classname="com.spark.collectibles.service.ProductServiceTest" time="0.004">
    <system-out><![CDATA[2025-11-15 05:29:41.456 [main] INFO  c.s.c.service.ProductService - Product updated successfully with ID: item1
2025-11-15 05:29:41.457 [main] DEBUG c.s.c.w.PriceWebSocketHandler - No active WebSocket connections to broadcast to
]]></system-out>
  </testcase>
  <testcase name="testGetProductsByPriceRange" classname="com.spark.collectibles.service.ProductServiceTest" time="0.002">
    <system-out><![CDATA[2025-11-15 05:29:41.460 [main] INFO  c.s.c.service.ProductService - Getting products by price range: 50.00 - 200.00
]]></system-out>
  </testcase>
  <testcase name="testCreateProductAlreadyExists" classname="com.spark.collectibles.service.ProductServiceTest" time="0.002">
    <system-out><![CDATA[2025-11-15 05:29:41.462 [main] WARN  c.s.c.service.ProductService - Product with ID item1 already exists
]]></system-out>
  </testcase>
  <testcase name="testGetProductById" classname="com.spark.collectibles.service.ProductServiceTest" time="0.002">
    <system-out><![CDATA[2025-11-15 05:29:41.464 [main] INFO  c.s.c.service.ProductService - Retrieving product with ID: item1
]]></system-out>
  </testcase>
  <testcase name="testDeleteProduct" classname="com.spark.collectibles.service.ProductServiceTest" time="0.003">
    <system-out><![CDATA[2025-11-15 05:29:41.468 [main] INFO  c.s.c.service.ProductService - Product soft deleted successfully with ID: item1
]]></system-out>
  </testcase>
  <testcase name="testHardDeleteProductNotFound" classname="com.spark.collectibles.service.ProductServiceTest" time="0.002">
    <system-out><![CDATA[2025-11-15 05:29:41.472 [main] WARN  c.s.c.service.ProductService - Product with ID nonexistent not found for hard deletion
]]></system-out>
  </testcase>
  <testcase name="testGetAllProducts" classname="com.spark.collectibles.service.ProductServiceTest" time="0.002">
    <system-out><![CDATA[2025-11-15 05:29:41.474 [main] INFO  c.s.c.service.ProductService - Retrieving all products
]]></system-out>
  </testcase>
  <testcase name="testDeleteProductNotFound" classname="com.spark.collectibles.service.ProductServiceTest" time="0.002">
    <system-out><![CDATA[2025-11-15 05:29:41.476 [main] WARN  c.s.c.service.ProductService - Product with ID nonexistent not found for deletion
]]></system-out>
  </testcase>
  <testcase name="testRestoreProductNotFound" classname="com.spark.collectibles.service.ProductServiceTest" time="0.001">
    <system-out><![CDATA[2025-11-15 05:29:41.478 [main] WARN  c.s.c.service.ProductService - Product with ID nonexistent not found for restoration or not deleted
]]></system-out>
  </testcase>
</testsuite>