<?xml version="1.0" encoding="UTF-8"?>
<testsuite xmlns:xsi="http://www.w3.org/2001/XMLSchema-instance" xsi:noNamespaceSchemaLocation="https://maven.apache.org/surefire/maven-surefire-plugin/xsd/surefire-test-report-3.0.xsd" version="3.0" name="com.spark.collectibles.service.UserServiceIntegrationTest" time="1.453" tests="14" errors="0" skipped="0" failures="0">
  <properties>
[...]
</properties>
  <testcase name="testUpdateUserNotFound" classname="com.spark.collectibles.service.UserServiceIntegrationTest" time="0.099">
    <system-out><![CDATA[2025-11-15 05:29:41.484 [main] DEBUG c.s.c.d.DatabaseConnectionManager - Returning existing DatabaseConnectionManager instance. Pool: CollectiblesStorePool
2025-11-15 05:29:41.484 [main] DEBUG c.s.c.d.DatabaseConnectionManager - Returning existing DatabaseConnectionManager instance. Pool: CollectiblesStorePool
2025-11-15 05:29:41.563 [main] DEBUG c.s.c.d.DatabaseConnectionManager - Getting connection. Pool stats: Pool: CollectiblesStorePool, Active: 0, Idle: 2, Total: 2, Waiting: 0
2025-11-15 05:29:41.565 [main] WARN  c.s.collectibles.service.UserService - User with ID non-existent not found for update
2025-11-15 05:29:41.566 [main] INFO  c.s.collectibles.service.UserService - Retrieving all users
2025-11-15 05:29:41.567 [main] DEBUG c.s.c.d.DatabaseConnectionManager - Getting connection. Pool stats: Pool: CollectiblesStorePool, Active: 0, Idle: 2, Total: 2, Waiting: 0
2025-11-15 05:29:41.569 [main] DEBUG c.s.c.d.DatabaseConnectionManager - Getting connection. Pool stats: Pool: CollectiblesStorePool, Active: 0, Idle: 2, Total: 2, Waiting: 0
2025-11-15 05:29:41.571 [main] INFO  c.s.c.r.impl.MySQLUserRepository - User deleted successfully: user1
2025-11-15 05:29:41.572 [main] INFO  c.s.collectibles.service.UserService - User deleted successfully with ID: user1
2025-11-15 05:29:41.572 [main] DEBUG c.s.c.d.DatabaseConnectionManager - Getting connection. Pool stats: Pool: CollectiblesStorePool, Active: 0, Idle: 2, Total: 2, Waiting: 0
2025-11-15 05:29:41.574 [main] INFO  c.s.c.r.impl.MySQLUserRepository - User deleted successfully: user2
2025-11-15 05:29:41.574 [main] INFO  c.s.collectibles.service.UserService - User deleted successfully with ID: user2
2025-11-15 05:29:41.574 [main] DEBUG c.s.c.d.DatabaseConnectionManager - Getting connection. Pool stats: Pool: CollectiblesStorePool, Active: 0, Idle: 2, Total: 2, Waiting: 0
2025-11-15 05:29:41.576 [main] INFO  c.s.c.r.impl.MySQLUserRepository - User deleted successfully: user3
2025-11-15 05:29:41.576 [main] INFO  c.s.collectibles.service.UserService - User deleted successfully with ID: user3
2025-11-15 05:29:41.576 [main] DEBUG c.s.c.d.DatabaseConnectionManager - Getting connection. Pool stats: Pool: CollectiblesStorePool, Active: 0, Idle: 2, Total: 2, Waiting: 0
2025-11-15 05:29:41.578 [main] INFO  c.s.c.r.impl.MySQLUserRepository - User deleted successfully: user4
2025-11-15 05:29:41.578 [main] INFO  c.s.collectibles.service.UserService - User deleted successfully with ID: user4
2025-11-15 05:29:41.578 [main] DEBUG c.s.c.d.DatabaseConnectionManager - Getting connection. Pool stats: Pool: CollectiblesStorePool, Active: 0, Idle: 2, Total: 2, Waiting: 0
2025-11-15 05:29:41.580 [main] INFO  c.s.c.r.impl.MySQLUserRepository - User deleted successfully: user5
2025-11-15 05:29:41.580 [main] INFO  c.s.collectibles.service.UserService - User deleted successfully with ID: user5
2025-11-15 05:29:41.580 [main] DEBUG c.s.c.d.DatabaseConnectionManager - Getting connection. Pool stats: Pool: CollectiblesStorePool, Active: 0, Idle: 2, Total: 2, Waiting: 0
2025-11-15 05:29:41.582 [main] INFO  c.s.c.r.impl.MySQLUserRepository - User deleted successfully: user6
2025-11-15 05:29:41.582 [main] INFO  c.s.collectibles.service.UserService - User deleted successfully with ID: user6
]]></system-out>
  </testcase>
  <testcase name="testSearchUsers" classname="com.spark.collectibles.service.UserServiceIntegrationTest" time="0.173">
    <system-out><![CDATA[2025-11-15 05:29:41.584 [main] DEBUG c.s.c.d.DatabaseConnectionManager - Returning existing DatabaseConnectionManager instance. Pool: CollectiblesStorePool
2025-11-15 05:29:41.584 [main] DEBUG c.s.c.d.DatabaseConnectionManager - Returning existing DatabaseConnectionManager instance. Pool: CollectiblesStorePool
2025-11-15 05:29:41.734 [main] DEBUG c.s.c.d.DatabaseConnectionManager - Getting connection. Pool stats: Pool: CollectiblesStorePool, Active: 0, Idle: 2, Total: 2, Waiting: 0
2025-11-15 05:29:41.736 [main] DEBUG c.s.c.d.DatabaseConnectionManager - Getting connection. Pool stats: Pool: CollectiblesStorePool, Active: 0, Idle: 2, Total: 2, Waiting: 0
2025-11-15 05:29:41.736 [main] DEBUG c.s.c.d.DatabaseConnectionManager - Getting connection. Pool stats: Pool: CollectiblesStorePool, Active: 0, Idle: 2, Total: 2, Waiting: 0
2025-11-15 05:29:41.737 [main] DEBUG c.s.c.d.DatabaseConnectionManager - Getting connection. Pool stats: Pool: CollectiblesStorePool, Active: 0, Idle: 2, Total: 2, Waiting: 0
2025-11-15 05:29:41.739 [main] INFO  c.s.c.r.impl.MySQLUserRepository - User created successfully: user1
2025-11-15 05:29:41.739 [main] DEBUG c.s.c.d.DatabaseConnectionManager - Getting connection. Pool stats: Pool: CollectiblesStorePool, Active: 1, Idle: 1, Total: 2, Waiting: 0
2025-11-15 05:29:41.741 [main] INFO  c.s.collectibles.service.UserService - User created successfully with ID: user1
2025-11-15 05:29:41.741 [main] DEBUG c.s.c.d.DatabaseConnectionManager - Getting connection. Pool stats: Pool: CollectiblesStorePool, Active: 0, Idle: 2, Total: 2, Waiting: 0
2025-11-15 05:29:41.742 [main] DEBUG c.s.c.d.DatabaseConnectionManager - Getting connection. Pool stats: Pool: CollectiblesStorePool, Active: 0, Idle: 2, Total: 2, Waiting: 0
2025-11-15 05:29:41.742 [main] DEBUG c.s.c.d.DatabaseConnectionManager - Getting connection. Pool stats: Pool: CollectiblesStorePool, Active: 0, Idle: 2, Total: 2, Waiting: 0
2025-11-15 05:29:41.743 [main] DEBUG c.s.c.d.DatabaseConnectionManager - Getting connection. Pool stats: Pool: CollectiblesStorePool, Active: 0, Idle: 2, Total: 2, Waiting: 0
2025-11-15 05:29:41.745 [main] INFO  c.s.c.r.impl.MySQLUserRepository - User created successfully: user2
2025-11-15 05:29:41.746 [main] DEBUG c.s.c.d.DatabaseConnectionManager - Getting connection. Pool stats: Pool: CollectiblesStorePool, Active: 1, Idle: 1, Total: 2, Waiting: 0
2025-11-15 05:29:41.747 [main] INFO  c.s.collectibles.service.UserService - User created successfully with ID: user2
2025-11-15 05:29:41.747 [main] DEBUG c.s.c.d.DatabaseConnectionManager - Getting connection. Pool stats: Pool: CollectiblesStorePool, Active: 0, Idle: 2, Total: 2, Waiting: 0
2025-11-15 05:29:41.749 [main] DEBUG c.s.c.d.DatabaseConnectionManager - Getting connection. Pool stats: Pool: CollectiblesStorePool, Active: 0, Idle: 2, Total: 2, Waiting: 0
2025-11-15 05:29:41.750 [main] DEBUG c.s.c.d.DatabaseConnectionManager - Getting connection. Pool stats: Pool: CollectiblesStorePool, Active: 0, Idle: 2, Total: 2, Waiting: 0
2025-11-15 05:29:41.751 [main] INFO  c.s.collectibles.service.UserService - Retrieving all users
2025-11-15 05:29:41.751 [main] DEBUG c.s.c.d.DatabaseConnectionManager - Getting connection. Pool stats: Pool: CollectiblesStorePool, Active: 0, Idle: 2, Total: 2, Waiting: 0
2025-11-15 05:29:41.752 [main] DEBUG c.s.c.d.DatabaseConnectionManager - Getting connection. Pool stats: Pool: CollectiblesStorePool, Active: 0, Idle: 2, Total: 2, Waiting: 0
2025-11-15 05:29:41.754 [main] INFO  c.s.c.r.impl.MySQLUserRepository - User deleted successfully: user1
2025-11-15 05:29:41.754 [main] INFO  c.s.collectibles.service.UserService - User deleted successfully with ID: user1
2025-11-15 05:29:41.754 [main] DEBUG c.s.c.d.DatabaseConnectionManager - Getting connection. Pool stats: Pool: CollectiblesStorePool, Active: 0, Idle: 2, Total: 2, Waiting: 0
2025-11-15 05:29:41.756 [main] INFO  c.s.c.r.impl.MySQLUserRepository - User deleted successfully: user2
2025-11-15 05:29:41.756 [main] INFO  c.s.collectibles.service.UserService - User deleted successfully with ID: user2
]]></system-out>
  </testcase>
  <testcase name="testGetAllUsers" classname="com.spark.collectibles.service.UserServiceIntegrationTest" time="0.168">
    <system-out><![CDATA[2025-11-15 05:29:41.757 [main] DEBUG c.s.c.d.DatabaseConnectionManager - Returning existing DatabaseConnectionManager instance. Pool: CollectiblesStorePool
2025-11-15 05:29:41.757 [main] DEBUG c.s.c.d.DatabaseConnectionManager - Returning existing DatabaseConnectionManager instance. Pool: CollectiblesStorePool
2025-11-15 05:29:41.907 [main] DEBUG c.s.c.d.DatabaseConnectionManager - Getting connection. Pool stats: Pool: CollectiblesStorePool, Active: 0, Idle: 2, Total: 2, Waiting: 0
2025-11-15 05:29:41.908 [main] DEBUG c.s.c.d.DatabaseConnectionManager - Getting connection. Pool stats: Pool: CollectiblesStorePool, Active: 0, Idle: 2, Total: 2, Waiting: 0
2025-11-15 05:29:41.909 [main] DEBUG c.s.c.d.DatabaseConnectionManager - Getting connection. Pool stats: Pool: CollectiblesStorePool, Active: 0, Idle: 2, Total: 2, Waiting: 0
2025-11-15 05:29:41.910 [main] DEBUG c.s.c.d.DatabaseConnectionManager - Getting connection. Pool stats: Pool: CollectiblesStorePool, Active: 0, Idle: 2, Total: 2, Waiting: 0
2025-11-15 05:29:41.912 [main] INFO  c.s.c.r.impl.MySQLUserRepository - User created successfully: user1
2025-11-15 05:29:41.912 [main] DEBUG c.s.c.d.DatabaseConnectionManager - Getting connection. Pool stats: Pool: CollectiblesStorePool, Active: 1, Idle: 1, Total: 2, Waiting: 0
2025-11-15 05:29:41.913 [main] INFO  c.s.collectibles.service.UserService - User created successfully with ID: user1
2025-11-15 05:29:41.913 [main] DEBUG c.s.c.d.DatabaseConnectionManager - Getting connection. Pool stats: Pool: CollectiblesStorePool, Active: 0, Idle: 2, Total: 2, Waiting: 0
2025-11-15 05:29:41.914 [main] DEBUG c.s.c.d.DatabaseConnectionManager - Getting connection. Pool stats: Pool: CollectiblesStorePool, Active: 0, Idle: 2, Total: 2, Waiting: 0
2025-11-15 05:29:41.914 [main] DEBUG c.s.c.d.DatabaseConnectionManager - Getting connection. Pool stats: Pool: CollectiblesStorePool, Active: 0, Idle: 2, Total: 2, Waiting: 0
2025-11-15 05:29:41.915 [main] DEBUG c.s.c.d.DatabaseConnectionManager - Getting connection. Pool stats: Pool: CollectiblesStorePool, Active: 0, Idle: 2, Total: 2, Waiting: 0
2025-11-15 05:29:41.917 [main] INFO  c.s.c.r.impl.MySQLUserRepository - User created successfully: user2
2025-11-15 05:29:41.917 [main] DEBUG c.s.c.d.DatabaseConnectionManager - Getting connection. Pool stats: Pool: CollectiblesStorePool, Active: 1, Idle: 1, Total: 2, Waiting: 0
2025-11-15 05:29:41.918 [main] INFO  c.s.collectibles.service.UserService - User created successfully with ID: user2
2025-11-15 05:29:41.918 [main] INFO  c.s.collectibles.service.UserService - Retrieving all users
2025-11-15 05:29:41.918 [main] DEBUG c.s.c.d.DatabaseConnectionManager - Getting connection. Pool stats: Pool: CollectiblesStorePool, Active: 0, Idle: 2, Total: 2, Waiting: 0
2025-11-15 05:29:41.920 [main] INFO  c.s.collectibles.service.UserService - Retrieving all users
2025-11-15 05:29:41.920 [main] DEBUG c.s.c.d.DatabaseConnectionManager - Getting connection. Pool stats: Pool: CollectiblesStorePool, Active: 0, Idle: 2, Total: 2, Waiting: 0
2025-11-15 05:29:41.921 [main] DEBUG c.s.c.d.DatabaseConnectionManager - Getting connection. Pool stats: Pool: CollectiblesStorePool, Active: 0, Idle: 2, Total: 2, Waiting: 0
2025-11-15 05:29:41.923 [main] INFO  c.s.c.r.impl.MySQLUserRepository - User deleted successfully: user1
2025-11-15 05:29:41.923 [main] INFO  c.s.collectibles.service.UserService - User deleted successfully with ID: user1
2025-11-15 05:29:41.923 [main] DEBUG c.s.c.d.DatabaseConnectionManager - Getting connection. Pool stats: Pool: CollectiblesStorePool, Active: 0, Idle: 2, Total: 2, Waiting: 0
2025-11-15 05:29:41.925 [main] INFO  c.s.c.r.impl.MySQLUserRepository - User deleted successfully: user2
2025-11-15 05:29:41.925 [main] INFO  c.s.collectibles.service.UserService - User deleted successfully with ID: user2
]]></system-out>
  </testcase>
  <testcase name="testUpdateUser" classname="com.spark.collectibles.service.UserServiceIntegrationTest" time="0.167">
    <system-out><![CDATA[2025-11-15 05:29:41.927 [main] DEBUG c.s.c.d.DatabaseConnectionManager - Returning existing DatabaseConnectionManager instance. Pool: CollectiblesStorePool
2025-11-15 05:29:41.927 [main] DEBUG c.s.c.d.DatabaseConnectionManager - Returning existing DatabaseConnectionManager instance. Pool: CollectiblesStorePool
2025-11-15 05:29:42.002 [main] DEBUG c.s.c.d.DatabaseConnectionManager - Getting connection. Pool stats: Pool: CollectiblesStorePool, Active: 0, Idle: 2, Total: 2, Waiting: 0
2025-11-15 05:29:42.003 [main] DEBUG c.s.c.d.DatabaseConnectionManager - Getting connection. Pool stats: Pool: CollectiblesStorePool, Active: 0, Idle: 2, Total: 2, Waiting: 0
2025-11-15 05:29:42.003 [main] DEBUG c.s.c.d.DatabaseConnectionManager - Getting connection. Pool stats: Pool: CollectiblesStorePool, Active: 0, Idle: 2, Total: 2, Waiting: 0
2025-11-15 05:29:42.004 [main] DEBUG c.s.c.d.DatabaseConnectionManager - Getting connection. Pool stats: Pool: CollectiblesStorePool, Active: 0, Idle: 2, Total: 2, Waiting: 0
2025-11-15 05:29:42.006 [main] INFO  c.s.c.r.impl.MySQLUserRepository - User created successfully: user1
2025-11-15 05:29:42.006 [main] DEBUG c.s.c.d.DatabaseConnectionManager - Getting connection. Pool stats: Pool: CollectiblesStorePool, Active: 1, Idle: 1, Total: 2, Waiting: 0
2025-11-15 05:29:42.007 [main] INFO  c.s.collectibles.service.UserService - User created successfully with ID: user1
2025-11-15 05:29:42.082 [main] DEBUG c.s.c.d.DatabaseConnectionManager - Getting connection. Pool stats: Pool: CollectiblesStorePool, Active: 0, Idle: 2, Total: 2, Waiting: 0
2025-11-15 05:29:42.083 [main] DEBUG c.s.c.d.DatabaseConnectionManager - Getting connection. Pool stats: Pool: CollectiblesStorePool, Active: 0, Idle: 2, Total: 2, Waiting: 0
2025-11-15 05:29:42.085 [main] DEBUG c.s.c.d.DatabaseConnectionManager - Getting connection. Pool stats: Pool: CollectiblesStorePool, Active: 0, Idle: 2, Total: 2, Waiting: 0
2025-11-15 05:29:42.086 [main] DEBUG c.s.c.d.DatabaseConnectionManager - Getting connection. Pool stats: Pool: CollectiblesStorePool, Active: 0, Idle: 2, Total: 2, Waiting: 0
2025-11-15 05:29:42.089 [main] INFO  c.s.c.r.impl.MySQLUserRepository - User updated successfully: user1
2025-11-15 05:29:42.089 [main] DEBUG c.s.c.d.DatabaseConnectionManager - Getting connection. Pool stats: Pool: CollectiblesStorePool, Active: 1, Idle: 1, Total: 2, Waiting: 0
2025-11-15 05:29:42.090 [main] INFO  c.s.collectibles.service.UserService - User updated successfully with ID: user1
2025-11-15 05:29:42.090 [main] INFO  c.s.collectibles.service.UserService - Retrieving all users
2025-11-15 05:29:42.090 [main] DEBUG c.s.c.d.DatabaseConnectionManager - Getting connection. Pool stats: Pool: CollectiblesStorePool, Active: 0, Idle: 2, Total: 2, Waiting: 0
2025-11-15 05:29:42.091 [main] DEBUG c.s.c.d.DatabaseConnectionManager - Getting connection. Pool stats: Pool: CollectiblesStorePool, Active: 0, Idle: 2, Total: 2, Waiting: 0
2025-11-15 05:29:42.093 [main] INFO  c.s.c.r.impl.MySQLUserRepository - User deleted successfully: user1
2025-11-15 05:29:42.093 [main] INFO  c.s.collectibles.service.UserService - User deleted successfully with ID: user1
]]></system-out>
  </testcase>
  <testcase name="testUserExists" classname="com.spark.collectibles.service.UserServiceIntegrationTest" time="0.086">
    <system-out><![CDATA[2025-11-15 05:29:42.094 [main] DEBUG c.s.c.d.DatabaseConnectionManager - Returning existing DatabaseConnectionManager instance. Pool: CollectiblesStorePool
2025-11-15 05:29:42.094 [main] DEBUG c.s.c.d.DatabaseConnectionManager - Returning existing DatabaseConnectionManager instance. Pool: CollectiblesStorePool
2025-11-15 05:29:42.170 [main] DEBUG c.s.c.d.DatabaseConnectionManager - Getting connection. Pool stats: Pool: CollectiblesStorePool, Active: 0, Idle: 2, Total: 2, Waiting: 0
2025-11-15 05:29:42.171 [main] DEBUG c.s.c.d.DatabaseConnectionManager - Getting connection. Pool stats: Pool: CollectiblesStorePool, Active: 0, Idle: 2, Total: 2, Waiting: 0
2025-11-15 05:29:42.172 [main] DEBUG c.s.c.d.DatabaseConnectionManager - Getting connection. Pool stats: Pool: CollectiblesStorePool, Active: 0, Idle: 2, Total: 2, Waiting: 0
2025-11-15 05:29:42.172 [main] DEBUG c.s.c.d.DatabaseConnectionManager - Getting connection. Pool stats: Pool: CollectiblesStorePool, Active: 0, Idle: 2, Total: 2, Waiting: 0
2025-11-15 05:29:42.174 [main] INFO  c.s.c.r.impl.MySQLUserRepository - User created successfully: user1
2025-11-15 05:29:42.174 [main] DEBUG c.s.c.d.DatabaseConnectionManager - Getting connection. Pool stats: Pool: CollectiblesStorePool, Active: 1, Idle: 1, Total: 2, Waiting: 0
2025-11-15 05:29:42.175 [main] INFO  c.s.collectibles.service.UserService - User created successfully with ID: user1
2025-11-15 05:29:42.175 [main] INFO  c.s.collectibles.service.UserService - Checking if user exists with ID: user1
2025-11-15 05:29:42.175 [main] DEBUG c.s.c.d.DatabaseConnectionManager - Getting connection. Pool stats: Pool: CollectiblesStorePool, Active: 0, Idle: 2, Total: 2, Waiting: 0
2025-11-15 05:29:42.176 [main] INFO  c.s.collectibles.service.UserService - Checking if user exists with ID: non-existent
2025-11-15 05:29:42.176 [main] DEBUG c.s.c.d.DatabaseConnectionManager - Getting connection. Pool stats: Pool: CollectiblesStorePool, Active: 0, Idle: 2, Total: 2, Waiting: 0
2025-11-15 05:29:42.177 [main] INFO  c.s.collectibles.service.UserService - Retrieving all users
2025-11-15 05:29:42.177 [main] DEBUG c.s.c.d.DatabaseConnectionManager - Getting connection. Pool stats: Pool: CollectiblesStorePool, Active: 0, Idle: 2, Total: 2, Waiting: 0
2025-11-15 05:29:42.178 [main] DEBUG c.s.c.d.DatabaseConnectionManager - Getting connection. Pool stats: Pool: CollectiblesStorePool, Active: 0, Idle: 2, Total: 2, Waiting: 0
2025-11-15 05:29:42.179 [main] INFO  c.s.c.r.impl.MySQLUserRepository - User deleted successfully: user1
2025-11-15 05:29:42.179 [main] INFO  c.s.collectibles.service.UserService - User deleted successfully with ID: user1
]]></system-out>
  </testcase>
  <testcase name="testCreateUserSuccess" classname="com.spark.collectibles.service.UserServiceIntegrationTest" time="0.084">
    <system-out><![CDATA[2025-11-15 05:29:42.181 [main] DEBUG c.s.c.d.DatabaseConnectionManager - Returning existing DatabaseConnectionManager instance. Pool: CollectiblesStorePool
2025-11-15 05:29:42.181 [main] DEBUG c.s.c.d.DatabaseConnectionManager - Returning existing DatabaseConnectionManager instance. Pool: CollectiblesStorePool
2025-11-15 05:29:42.256 [main] DEBUG c.s.c.d.DatabaseConnectionManager - Getting connection. Pool stats: Pool: CollectiblesStorePool, Active: 0, Idle: 2, Total: 2, Waiting: 0
2025-11-15 05:29:42.257 [main] DEBUG c.s.c.d.DatabaseConnectionManager - Getting connection. Pool stats: Pool: CollectiblesStorePool, Active: 0, Idle: 2, Total: 2, Waiting: 0
2025-11-15 05:29:42.257 [main] DEBUG c.s.c.d.DatabaseConnectionManager - Getting connection. Pool stats: Pool: CollectiblesStorePool, Active: 0, Idle: 2, Total: 2, Waiting: 0
2025-11-15 05:29:42.258 [main] DEBUG c.s.c.d.DatabaseConnectionManager - Getting connection. Pool stats: Pool: CollectiblesStorePool, Active: 0, Idle: 2, Total: 2, Waiting: 0
2025-11-15 05:29:42.260 [main] INFO  c.s.c.r.impl.MySQLUserRepository - User created successfully: user1
2025-11-15 05:29:42.260 [main] DEBUG c.s.c.d.DatabaseConnectionManager - Getting connection. Pool stats: Pool: CollectiblesStorePool, Active: 1, Idle: 1, Total: 2, Waiting: 0
2025-11-15 05:29:42.261 [main] INFO  c.s.collectibles.service.UserService - User created successfully with ID: user1
2025-11-15 05:29:42.261 [main] INFO  c.s.collectibles.service.UserService - Retrieving all users
2025-11-15 05:29:42.262 [main] DEBUG c.s.c.d.DatabaseConnectionManager - Getting connection. Pool stats: Pool: CollectiblesStorePool, Active: 0, Idle: 2, Total: 2, Waiting: 0
2025-11-15 05:29:42.262 [main] DEBUG c.s.c.d.DatabaseConnectionManager - Getting connection. Pool stats: Pool: CollectiblesStorePool, Active: 0, Idle: 2, Total: 2, Waiting: 0
2025-11-15 05:29:42.264 [main] INFO  c.s.c.r.impl.MySQLUserRepository - User deleted successfully: user1
2025-11-15 05:29:42.264 [main] INFO  c.s.collectibles.service.UserService - User deleted successfully with ID: user1
]]></system-out>
  </testcase>
  <testcase name="testCreateUserInvalidData" classname="com.spark.collectibles.service.UserServiceIntegrationTest" time="0.002">
    <system-out><![CDATA[2025-11-15 05:29:42.266 [main] DEBUG c.s.c.d.DatabaseConnectionManager - Returning existing DatabaseConnectionManager instance. Pool: CollectiblesStorePool
2025-11-15 05:29:42.266 [main] DEBUG c.s.c.d.DatabaseConnectionManager - Returning existing DatabaseConnectionManager instance. Pool: CollectiblesStorePool
2025-11-15 05:29:42.266 [main] WARN  c.s.collectibles.service.UserService - Invalid user data provided for creation
2025-11-15 05:29:42.266 [main] INFO  c.s.collectibles.service.UserService - Retrieving all users
2025-11-15 05:29:42.266 [main] DEBUG c.s.c.d.DatabaseConnectionManager - Getting connection. Pool stats: Pool: CollectiblesStorePool, Active: 0, Idle: 2, Total: 2, Waiting: 0
]]></system-out>
  </testcase>
  <testcase name="testDeleteUser" classname="com.spark.collectibles.service.UserServiceIntegrationTest" time="0.085">
    <system-out><![CDATA[2025-11-15 05:29:42.268 [main] DEBUG c.s.c.d.DatabaseConnectionManager - Returning existing DatabaseConnectionManager instance. Pool: CollectiblesStorePool
2025-11-15 05:29:42.268 [main] DEBUG c.s.c.d.DatabaseConnectionManager - Returning existing DatabaseConnectionManager instance. Pool: CollectiblesStorePool
2025-11-15 05:29:42.343 [main] DEBUG c.s.c.d.DatabaseConnectionManager - Getting connection. Pool stats: Pool: CollectiblesStorePool, Active: 0, Idle: 2, Total: 2, Waiting: 0
2025-11-15 05:29:42.344 [main] DEBUG c.s.c.d.DatabaseConnectionManager - Getting connection. Pool stats: Pool: CollectiblesStorePool, Active: 0, Idle: 2, Total: 2, Waiting: 0
2025-11-15 05:29:42.345 [main] DEBUG c.s.c.d.DatabaseConnectionManager - Getting connection. Pool stats: Pool: CollectiblesStorePool, Active: 0, Idle: 2, Total: 2, Waiting: 0
2025-11-15 05:29:42.345 [main] DEBUG c.s.c.d.DatabaseConnectionManager - Getting connection. Pool stats: Pool: CollectiblesStorePool, Active: 0, Idle: 2, Total: 2, Waiting: 0
2025-11-15 05:29:42.347 [main] INFO  c.s.c.r.impl.MySQLUserRepository - User created successfully: user1
2025-11-15 05:29:42.347 [main] DEBUG c.s.c.d.DatabaseConnectionManager - Getting connection. Pool stats: Pool: CollectiblesStorePool, Active: 1, Idle: 1, Total: 2, Waiting: 0
2025-11-15 05:29:42.348 [main] INFO  c.s.collectibles.service.UserService - User created successfully with ID: user1
2025-11-15 05:29:42.348 [main] DEBUG c.s.c.d.DatabaseConnectionManager - Getting connection. Pool stats: Pool: CollectiblesStorePool, Active: 0, Idle: 2, Total: 2, Waiting: 0
2025-11-15 05:29:42.350 [main] INFO  c.s.c.r.impl.MySQLUserRepository - User deleted successfully: user1
2025-11-15 05:29:42.350 [main] INFO  c.s.collectibles.service.UserService - User deleted successfully with ID: user1
2025-11-15 05:29:42.350 [main] INFO  c.s.collectibles.service.UserService - Checking if user exists with ID: user1
2025-11-15 05:29:42.350 [main] DEBUG c.s.c.d.DatabaseConnectionManager - Getting connection. Pool stats: Pool: CollectiblesStorePool, Active: 0, Idle: 2, Total: 2, Waiting: 0
2025-11-15 05:29:42.351 [main] INFO  c.s.collectibles.service.UserService - Retrieving all users
2025-11-15 05:29:42.351 [main] DEBUG c.s.c.d.DatabaseConnectionManager - Getting connection. Pool stats: Pool: CollectiblesStorePool, Active: 0, Idle: 2, Total: 2, Waiting: 0
]]></system-out>
  </testcase>
  <testcase name="testGetUserById" classname="com.spark.collectibles.service.UserServiceIntegrationTest" time="0.084">
    <system-out><![CDATA[2025-11-15 05:29:42.353 [main] DEBUG c.s.c.d.DatabaseConnectionManager - Returning existing DatabaseConnectionManager instance. Pool: CollectiblesStorePool
2025-11-15 05:29:42.353 [main] DEBUG c.s.c.d.DatabaseConnectionManager - Returning existing DatabaseConnectionManager instance. Pool: CollectiblesStorePool
2025-11-15 05:29:42.428 [main] DEBUG c.s.c.d.DatabaseConnectionManager - Getting connection. Pool stats: Pool: CollectiblesStorePool, Active: 0, Idle: 2, Total: 2, Waiting: 0
2025-11-15 05:29:42.430 [main] DEBUG c.s.c.d.DatabaseConnectionManager - Getting connection. Pool stats: Pool: CollectiblesStorePool, Active: 0, Idle: 2, Total: 2, Waiting: 0
2025-11-15 05:29:42.430 [main] DEBUG c.s.c.d.DatabaseConnectionManager - Getting connection. Pool stats: Pool: CollectiblesStorePool, Active: 0, Idle: 2, Total: 2, Waiting: 0
2025-11-15 05:29:42.431 [main] DEBUG c.s.c.d.DatabaseConnectionManager - Getting connection. Pool stats: Pool: CollectiblesStorePool, Active: 0, Idle: 2, Total: 2, Waiting: 0
2025-11-15 05:29:42.432 [main] INFO  c.s.c.r.impl.MySQLUserRepository - User created successfully: user1
2025-11-15 05:29:42.433 [main] DEBUG c.s.c.d.DatabaseConnectionManager - Getting connection. Pool stats: Pool: CollectiblesStorePool, Active: 1, Idle: 1, Total: 2, Waiting: 0
2025-11-15 05:29:42.433 [main] INFO  c.s.collectibles.service.UserService - User created successfully with ID: user1
2025-11-15 05:29:42.434 [main] INFO  c.s.collectibles.service.UserService - Retrieving user with ID: user1
2025-11-15 05:29:42.434 [main] DEBUG c.s.c.d.DatabaseConnectionManager - Getting connection. Pool stats: Pool: CollectiblesStorePool, Active: 0, Idle: 2, Total: 2, Waiting: 0
2025-11-15 05:29:42.434 [main] INFO  c.s.collectibles.service.UserService - Retrieving all users
2025-11-15 05:29:42.435 [main] DEBUG c.s.c.d.DatabaseConnectionManager - Getting connection. Pool stats: Pool: CollectiblesStorePool, Active: 0, Idle: 2, Total: 2, Waiting: 0
2025-11-15 05:29:42.435 [main] DEBUG c.s.c.d.DatabaseConnectionManager - Getting connection. Pool stats: Pool: CollectiblesStorePool, Active: 0, Idle: 2, Total: 2, Waiting: 0
2025-11-15 05:29:42.437 [main] INFO  c.s.c.r.impl.MySQLUserRepository - User deleted successfully: user1
2025-11-15 05:29:42.437 [main] INFO  c.s.collectibles.service.UserService - User deleted successfully with ID: user1
]]></system-out>
  </testcase>
  <testcase name="testGetUserCount" classname="com.spark.collectibles.service.UserServiceIntegrationTest" time="0.166">
    <system-out><![CDATA[2025-11-15 05:29:42.438 [main] DEBUG c.s.c.d.DatabaseConnectionManager - Returning existing DatabaseConnectionManager instance. Pool: CollectiblesStorePool
2025-11-15 05:29:42.438 [main] DEBUG c.s.c.d.DatabaseConnectionManager - Returning existing DatabaseConnectionManager instance. Pool: CollectiblesStorePool
2025-11-15 05:29:42.439 [main] DEBUG c.s.c.d.DatabaseConnectionManager - Getting connection. Pool stats: Pool: CollectiblesStorePool, Active: 0, Idle: 2, Total: 2, Waiting: 0
2025-11-15 05:29:42.589 [main] DEBUG c.s.c.d.DatabaseConnectionManager - Getting connection. Pool stats: Pool: CollectiblesStorePool, Active: 0, Idle: 2, Total: 2, Waiting: 0
2025-11-15 05:29:42.590 [main] DEBUG c.s.c.d.DatabaseConnectionManager - Getting connection. Pool stats: Pool: CollectiblesStorePool, Active: 0, Idle: 2, Total: 2, Waiting: 0
2025-11-15 05:29:42.591 [main] DEBUG c.s.c.d.DatabaseConnectionManager - Getting connection. Pool stats: Pool: CollectiblesStorePool, Active: 0, Idle: 2, Total: 2, Waiting: 0
2025-11-15 05:29:42.591 [main] DEBUG c.s.c.d.DatabaseConnectionManager - Getting connection. Pool stats: Pool: CollectiblesStorePool, Active: 0, Idle: 2, Total: 2, Waiting: 0
2025-11-15 05:29:42.593 [main] INFO  c.s.c.r.impl.MySQLUserRepository - User created successfully: user1
2025-11-15 05:29:42.593 [main] DEBUG c.s.c.d.DatabaseConnectionManager - Getting connection. Pool stats: Pool: CollectiblesStorePool, Active: 1, Idle: 1, Total: 2, Waiting: 0
2025-11-15 05:29:42.594 [main] INFO  c.s.collectibles.service.UserService - User created successfully with ID: user1
2025-11-15 05:29:42.594 [main] DEBUG c.s.c.d.DatabaseConnectionManager - Getting connection. Pool stats: Pool: CollectiblesStorePool, Active: 0, Idle: 2, Total: 2, Waiting: 0
2025-11-15 05:29:42.595 [main] DEBUG c.s.c.d.DatabaseConnectionManager - Getting connection. Pool stats: Pool: CollectiblesStorePool, Active: 0, Idle: 2, Total: 2, Waiting: 0
2025-11-15 05:29:42.595 [main] DEBUG c.s.c.d.DatabaseConnectionManager - Getting connection. Pool stats: Pool: CollectiblesStorePool, Active: 0, Idle: 2, Total: 2, Waiting: 0
2025-11-15 05:29:42.596 [main] DEBUG c.s.c.d.DatabaseConnectionManager - Getting connection. Pool stats: Pool: CollectiblesStorePool, Active: 0, Idle: 2, Total: 2, Waiting: 0
2025-11-15 05:29:42.596 [main] DEBUG c.s.c.d.DatabaseConnectionManager - Getting connection. Pool stats: Pool: CollectiblesStorePool, Active: 0, Idle: 2, Total: 2, Waiting: 0
2025-11-15 05:29:42.598 [main] INFO  c.s.c.r.impl.MySQLUserRepository - User created successfully: user2
2025-11-15 05:29:42.598 [main] DEBUG c.s.c.d.DatabaseConnectionManager - Getting connection. Pool stats: Pool: CollectiblesStorePool, Active: 1, Idle: 1, Total: 2, Waiting: 0
2025-11-15 05:29:42.599 [main] INFO  c.s.collectibles.service.UserService - User created successfully with ID: user2
2025-11-15 05:29:42.599 [main] DEBUG c.s.c.d.DatabaseConnectionManager - Getting connection. Pool stats: Pool: CollectiblesStorePool, Active: 0, Idle: 2, Total: 2, Waiting: 0
2025-11-15 05:29:42.600 [main] INFO  c.s.collectibles.service.UserService - Retrieving all users
2025-11-15 05:29:42.600 [main] DEBUG c.s.c.d.DatabaseConnectionManager - Getting connection. Pool stats: Pool: CollectiblesStorePool, Active: 0, Idle: 2, Total: 2, Waiting: 0
2025-11-15 05:29:42.601 [main] DEBUG c.s.c.d.DatabaseConnectionManager - Getting connection. Pool stats: Pool: CollectiblesStorePool, Active: 0, Idle: 2, Total: 2, Waiting: 0
2025-11-15 05:29:42.603 [main] INFO  c.s.c.r.impl.MySQLUserRepository - User deleted successfully: user2
2025-11-15 05:29:42.603 [main] INFO  c.s.collectibles.service.UserService - User deleted successfully with ID: user2
2025-11-15 05:29:42.603 [main] DEBUG c.s.c.d.DatabaseConnectionManager - Getting connection. Pool stats: Pool: CollectiblesStorePool, Active: 0, Idle: 2, Total: 2, Waiting: 0
2025-11-15 05:29:42.604 [main] INFO  c.s.c.r.impl.MySQLUserRepository - User deleted successfully: user1
2025-11-15 05:29:42.604 [main] INFO  c.s.collectibles.service.UserService - User deleted successfully with ID: user1
]]></system-out>
  </testcase>
  <testcase name="testCreateUserDuplicateId" classname="com.spark.collectibles.service.UserServiceIntegrationTest" time="0.159">
    <system-out><![CDATA[2025-11-15 05:29:42.605 [main] DEBUG c.s.c.d.DatabaseConnectionManager - Returning existing DatabaseConnectionManager instance. Pool: CollectiblesStorePool
2025-11-15 05:29:42.606 [main] DEBUG c.s.c.d.DatabaseConnectionManager - Returning existing DatabaseConnectionManager instance. Pool: CollectiblesStorePool
2025-11-15 05:29:42.755 [main] DEBUG c.s.c.d.DatabaseConnectionManager - Getting connection. Pool stats: Pool: CollectiblesStorePool, Active: 0, Idle: 2, Total: 2, Waiting: 0
2025-11-15 05:29:42.756 [main] DEBUG c.s.c.d.DatabaseConnectionManager - Getting connection. Pool stats: Pool: CollectiblesStorePool, Active: 0, Idle: 2, Total: 2, Waiting: 0
2025-11-15 05:29:42.757 [main] DEBUG c.s.c.d.DatabaseConnectionManager - Getting connection. Pool stats: Pool: CollectiblesStorePool, Active: 0, Idle: 2, Total: 2, Waiting: 0
2025-11-15 05:29:42.757 [main] DEBUG c.s.c.d.DatabaseConnectionManager - Getting connection. Pool stats: Pool: CollectiblesStorePool, Active: 0, Idle: 2, Total: 2, Waiting: 0
2025-11-15 05:29:42.759 [main] INFO  c.s.c.r.impl.MySQLUserRepository - User created successfully: user1
2025-11-15 05:29:42.759 [main] DEBUG c.s.c.d.DatabaseConnectionManager - Getting connection. Pool stats: Pool: CollectiblesStorePool, Active: 1, Idle: 1, Total: 2, Waiting: 0
2025-11-15 05:29:42.760 [main] INFO  c.s.collectibles.service.UserService - User created successfully with ID: user1
2025-11-15 05:29:42.760 [main] DEBUG c.s.c.d.DatabaseConnectionManager - Getting connection. Pool stats: Pool: CollectiblesStorePool, Active: 0, Idle: 2, Total: 2, Waiting: 0
2025-11-15 05:29:42.761 [main] WARN  c.s.collectibles.service.UserService - User with ID user1 already exists
2025-11-15 05:29:42.761 [main] INFO  c.s.collectibles.service.UserService - Retrieving all users
2025-11-15 05:29:42.761 [main] DEBUG c.s.c.d.DatabaseConnectionManager - Getting connection. Pool stats: Pool: CollectiblesStorePool, Active: 0, Idle: 2, Total: 2, Waiting: 0
2025-11-15 05:29:42.762 [main] DEBUG c.s.c.d.DatabaseConnectionManager - Getting connection. Pool stats: Pool: CollectiblesStorePool, Active: 0, Idle: 2, Total: 2, Waiting: 0
2025-11-15 05:29:42.764 [main] INFO  c.s.c.r.impl.MySQLUserRepository - User deleted successfully: user1
2025-11-15 05:29:42.764 [main] INFO  c.s.collectibles.service.UserService - User deleted successfully with ID: user1
]]></system-out>
  </testcase>
  <testcase name="testGetUsersByRole" classname="com.spark.collectibles.service.UserServiceIntegrationTest" time="0.165">
    <system-out><![CDATA[2025-11-15 05:29:42.765 [main] DEBUG c.s.c.d.DatabaseConnectionManager - Returning existing DatabaseConnectionManager instance. Pool: CollectiblesStorePool
2025-11-15 05:29:42.765 [main] DEBUG c.s.c.d.DatabaseConnectionManager - Returning existing DatabaseConnectionManager instance. Pool: CollectiblesStorePool
2025-11-15 05:29:42.915 [main] DEBUG c.s.c.d.DatabaseConnectionManager - Getting connection. Pool stats: Pool: CollectiblesStorePool, Active: 0, Idle: 2, Total: 2, Waiting: 0
2025-11-15 05:29:42.916 [main] DEBUG c.s.c.d.DatabaseConnectionManager - Getting connection. Pool stats: Pool: CollectiblesStorePool, Active: 0, Idle: 2, Total: 2, Waiting: 0
2025-11-15 05:29:42.916 [main] DEBUG c.s.c.d.DatabaseConnectionManager - Getting connection. Pool stats: Pool: CollectiblesStorePool, Active: 0, Idle: 2, Total: 2, Waiting: 0
2025-11-15 05:29:42.917 [main] DEBUG c.s.c.d.DatabaseConnectionManager - Getting connection. Pool stats: Pool: CollectiblesStorePool, Active: 0, Idle: 2, Total: 2, Waiting: 0
2025-11-15 05:29:42.919 [main] INFO  c.s.c.r.impl.MySQLUserRepository - User created successfully: admin1
2025-11-15 05:29:42.919 [main] DEBUG c.s.c.d.DatabaseConnectionManager - Getting connection. Pool stats: Pool: CollectiblesStorePool, Active: 1, Idle: 1, Total: 2, Waiting: 0
2025-11-15 05:29:42.919 [main] INFO  c.s.collectibles.service.UserService - User created successfully with ID: admin1
2025-11-15 05:29:42.919 [main] DEBUG c.s.c.d.DatabaseConnectionManager - Getting connection. Pool stats: Pool: CollectiblesStorePool, Active: 0, Idle: 2, Total: 2, Waiting: 0
2025-11-15 05:29:42.920 [main] DEBUG c.s.c.d.DatabaseConnectionManager - Getting connection. Pool stats: Pool: CollectiblesStorePool, Active: 0, Idle: 2, Total: 2, Waiting: 0
2025-11-15 05:29:42.921 [main] DEBUG c.s.c.d.DatabaseConnectionManager - Getting connection. Pool stats: Pool: CollectiblesStorePool, Active: 0, Idle: 2, Total: 2, Waiting: 0
2025-11-15 05:29:42.921 [main] DEBUG c.s.c.d.DatabaseConnectionManager - Getting connection. Pool stats: Pool: CollectiblesStorePool, Active: 0, Idle: 2, Total: 2, Waiting: 0
2025-11-15 05:29:42.923 [main] INFO  c.s.c.r.impl.MySQLUserRepository - User created successfully: customer1
2025-11-15 05:29:42.923 [main] DEBUG c.s.c.d.DatabaseConnectionManager - Getting connection. Pool stats: Pool: CollectiblesStorePool, Active: 1, Idle: 1, Total: 2, Waiting: 0
2025-11-15 05:29:42.924 [main] INFO  c.s.collectibles.service.UserService - User created successfully with ID: customer1
2025-11-15 05:29:42.924 [main] DEBUG c.s.c.d.DatabaseConnectionManager - Getting connection. Pool stats: Pool: CollectiblesStorePool, Active: 0, Idle: 2, Total: 2, Waiting: 0
2025-11-15 05:29:42.925 [main] DEBUG c.s.c.d.DatabaseConnectionManager - Getting connection. Pool stats: Pool: CollectiblesStorePool, Active: 0, Idle: 2, Total: 2, Waiting: 0
2025-11-15 05:29:42.926 [main] INFO  c.s.collectibles.service.UserService - Retrieving all users
2025-11-15 05:29:42.926 [main] DEBUG c.s.c.d.DatabaseConnectionManager - Getting connection. Pool stats: Pool: CollectiblesStorePool, Active: 0, Idle: 2, Total: 2, Waiting: 0
2025-11-15 05:29:42.927 [main] DEBUG c.s.c.d.DatabaseConnectionManager - Getting connection. Pool stats: Pool: CollectiblesStorePool, Active: 0, Idle: 2, Total: 2, Waiting: 0
2025-11-15 05:29:42.928 [main] INFO  c.s.c.r.impl.MySQLUserRepository - User deleted successfully: admin1
2025-11-15 05:29:42.928 [main] INFO  c.s.collectibles.service.UserService - User deleted successfully with ID: admin1
2025-11-15 05:29:42.928 [main] DEBUG c.s.c.d.DatabaseConnectionManager - Getting connection. Pool stats: Pool: CollectiblesStorePool, Active: 0, Idle: 2, Total: 2, Waiting: 0
2025-11-15 05:29:42.930 [main] INFO  c.s.c.r.impl.MySQLUserRepository - User deleted successfully: customer1
2025-11-15 05:29:42.930 [main] INFO  c.s.collectibles.service.UserService - User deleted successfully with ID: customer1
]]></system-out>
  </testcase>
  <testcase name="testGetUserByIdNotFound" classname="com.spark.collectibles.service.UserServiceIntegrationTest" time="0.002">
    <system-out><![CDATA[2025-11-15 05:29:42.931 [main] DEBUG c.s.c.d.DatabaseConnectionManager - Returning existing DatabaseConnectionManager instance. Pool: CollectiblesStorePool
2025-11-15 05:29:42.931 [main] DEBUG c.s.c.d.DatabaseConnectionManager - Returning existing DatabaseConnectionManager instance. Pool: CollectiblesStorePool
2025-11-15 05:29:42.932 [main] INFO  c.s.collectibles.service.UserService - Retrieving user with ID: non-existent
2025-11-15 05:29:42.932 [main] DEBUG c.s.c.d.DatabaseConnectionManager - Getting connection. Pool stats: Pool: CollectiblesStorePool, Active: 0, Idle: 2, Total: 2, Waiting: 0
2025-11-15 05:29:42.932 [main] INFO  c.s.collectibles.service.UserService - Retrieving all users
2025-11-15 05:29:42.932 [main] DEBUG c.s.c.d.DatabaseConnectionManager - Getting connection. Pool stats: Pool: CollectiblesStorePool, Active: 0, Idle: 2, Total: 2, Waiting: 0
]]></system-out>
  </testcase>
  <testcase name="testDeleteUserNotFound" classname="com.spark.collectibles.service.UserServiceIntegrationTest" time="0.002">
    <system-out><![CDATA[2025-11-15 05:29:42.934 [main] DEBUG c.s.c.d.DatabaseConnectionManager - Returning existing DatabaseConnectionManager instance. Pool: CollectiblesStorePool
2025-11-15 05:29:42.934 [main] DEBUG c.s.c.d.DatabaseConnectionManager - Returning existing DatabaseConnectionManager instance. Pool: CollectiblesStorePool
2025-11-15 05:29:42.934 [main] DEBUG c.s.c.d.DatabaseConnectionManager - Getting connection. Pool stats: Pool: CollectiblesStorePool, Active: 0, Idle: 2, Total: 2, Waiting: 0
2025-11-15 05:29:42.934 [main] WARN  c.s.c.r.impl.MySQLUserRepository - No user found to delete with ID: non-existent
2025-11-15 05:29:42.935 [main] WARN  c.s.collectibles.service.UserService - User with ID non-existent not found for deletion
2025-11-15 05:29:42.935 [main] INFO  c.s.collectibles.service.UserService - Retrieving all users
2025-11-15 05:29:42.935 [main] DEBUG c.s.c.d.DatabaseConnectionManager - Getting connection. Pool stats: Pool: CollectiblesStorePool, Active: 0, Idle: 2, Total: 2, Waiting: 0
]]></system-out>
  </testcase>
</testsuite>